mode: set
github.com/KarpelesLab/smartremote/client.go:30.35,34.22 3 1
github.com/KarpelesLab/smartremote/client.go:34.22,38.3 3 1
github.com/KarpelesLab/smartremote/client.go:40.2,42.12 2 1
github.com/KarpelesLab/smartremote/client.go:47.62,48.23 1 0
github.com/KarpelesLab/smartremote/client.go:48.23,51.3 2 0
github.com/KarpelesLab/smartremote/client.go:54.2,55.25 2 0
github.com/KarpelesLab/smartremote/client.go:55.25,59.3 2 0
github.com/KarpelesLab/smartremote/client.go:61.2,63.14 2 0
github.com/KarpelesLab/smartremote/client.go:63.14,64.15 1 0
github.com/KarpelesLab/smartremote/client.go:64.15,68.4 2 0
github.com/KarpelesLab/smartremote/client.go:70.3,71.17 2 0
github.com/KarpelesLab/smartremote/client.go:71.17,73.4 1 0
github.com/KarpelesLab/smartremote/client.go:75.3,78.17 3 0
github.com/KarpelesLab/smartremote/client.go:78.17,82.4 2 0
github.com/KarpelesLab/smartremote/client.go:84.3,84.17 1 0
github.com/KarpelesLab/smartremote/client.go:87.2,87.12 1 0
github.com/KarpelesLab/smartremote/client.go:92.62,97.22 3 1
github.com/KarpelesLab/smartremote/client.go:97.22,99.20 1 1
github.com/KarpelesLab/smartremote/client.go:99.20,103.4 2 0
github.com/KarpelesLab/smartremote/client.go:103.9,103.27 1 1
github.com/KarpelesLab/smartremote/client.go:103.27,104.40 1 0
github.com/KarpelesLab/smartremote/client.go:104.40,107.19 2 0
github.com/KarpelesLab/smartremote/client.go:107.19,111.6 2 0
github.com/KarpelesLab/smartremote/client.go:111.11,113.6 1 0
github.com/KarpelesLab/smartremote/client.go:114.10,117.5 2 0
github.com/KarpelesLab/smartremote/client.go:122.2,122.22 1 1
github.com/KarpelesLab/smartremote/client.go:122.22,125.17 2 1
github.com/KarpelesLab/smartremote/client.go:125.17,127.4 1 0
github.com/KarpelesLab/smartremote/client.go:129.3,129.15 1 1
github.com/KarpelesLab/smartremote/client.go:129.15,131.4 1 1
github.com/KarpelesLab/smartremote/client.go:133.3,137.17 3 1
github.com/KarpelesLab/smartremote/client.go:137.17,139.4 1 0
github.com/KarpelesLab/smartremote/client.go:140.3,140.28 1 1
github.com/KarpelesLab/smartremote/client.go:140.28,144.4 2 0
github.com/KarpelesLab/smartremote/client.go:145.3,146.16 2 1
github.com/KarpelesLab/smartremote/client.go:148.2,151.16 3 1
github.com/KarpelesLab/smartremote/client.go:151.16,154.3 2 0
github.com/KarpelesLab/smartremote/client.go:154.8,156.3 1 1
github.com/KarpelesLab/smartremote/client.go:158.2,158.15 1 1
github.com/KarpelesLab/smartremote/client.go:163.35,166.15 1 1
github.com/KarpelesLab/smartremote/client.go:166.15,170.10 3 1
github.com/KarpelesLab/smartremote/client.go:171.41,171.41 0 1
github.com/KarpelesLab/smartremote/client.go:172.11,172.11 0 0
github.com/KarpelesLab/smartremote/client.go:176.2,184.22 6 1
github.com/KarpelesLab/smartremote/client.go:184.22,186.14 2 1
github.com/KarpelesLab/smartremote/client.go:186.14,191.48 4 1
github.com/KarpelesLab/smartremote/client.go:191.48,195.5 3 1
github.com/KarpelesLab/smartremote/client.go:196.4,200.18 3 1
github.com/KarpelesLab/smartremote/client.go:200.18,203.5 2 1
github.com/KarpelesLab/smartremote/client.go:204.4,204.10 1 1
github.com/KarpelesLab/smartremote/client.go:207.3,208.18 2 0
github.com/KarpelesLab/smartremote/client.go:212.2,213.13 2 1
github.com/KarpelesLab/smartremote/client.go:213.13,215.30 1 1
github.com/KarpelesLab/smartremote/client.go:215.30,217.4 1 1
github.com/KarpelesLab/smartremote/client.go:218.3,218.9 1 1
github.com/KarpelesLab/smartremote/client.go:222.2,223.16 2 0
github.com/KarpelesLab/smartremote/client.go:223.16,226.3 2 0
github.com/KarpelesLab/smartremote/client.go:228.2,228.14 1 0
github.com/KarpelesLab/smartremote/client.go:228.14,230.3 1 0
github.com/KarpelesLab/smartremote/client.go:232.2,236.16 3 0
github.com/KarpelesLab/smartremote/client.go:236.16,239.3 2 0
github.com/KarpelesLab/smartremote/client.go:240.2,240.27 1 0
github.com/KarpelesLab/smartremote/client.go:240.27,245.3 3 0
github.com/KarpelesLab/smartremote/client.go:246.2,250.14 4 0
github.com/KarpelesLab/smartremote/client.go:250.14,253.3 1 0
github.com/KarpelesLab/smartremote/client.go:255.2,257.46 3 0
github.com/KarpelesLab/smartremote/client.go:257.46,261.3 3 0
github.com/KarpelesLab/smartremote/client.go:262.2,266.16 3 0
github.com/KarpelesLab/smartremote/client.go:266.16,269.3 2 0
github.com/KarpelesLab/smartremote/close.go:7.30,17.17 7 1
github.com/KarpelesLab/smartremote/close.go:17.17,19.17 1 1
github.com/KarpelesLab/smartremote/close.go:19.17,24.4 3 0
github.com/KarpelesLab/smartremote/close.go:27.3,27.25 1 1
github.com/KarpelesLab/smartremote/close.go:30.2,30.24 1 1
github.com/KarpelesLab/smartremote/download.go:12.37,15.16 1 1
github.com/KarpelesLab/smartremote/download.go:15.16,17.3 1 0
github.com/KarpelesLab/smartremote/download.go:18.2,20.16 3 1
github.com/KarpelesLab/smartremote/download.go:20.16,22.3 1 0
github.com/KarpelesLab/smartremote/download.go:23.2,26.27 2 1
github.com/KarpelesLab/smartremote/download.go:26.27,29.3 1 0
github.com/KarpelesLab/smartremote/download.go:32.2,33.16 2 1
github.com/KarpelesLab/smartremote/download.go:33.16,38.3 3 0
github.com/KarpelesLab/smartremote/download.go:41.2,48.12 6 1
github.com/KarpelesLab/smartremote/download.go:54.52,58.16 2 1
github.com/KarpelesLab/smartremote/download.go:58.16,60.3 1 0
github.com/KarpelesLab/smartremote/download.go:62.2,62.17 1 1
github.com/KarpelesLab/smartremote/download.go:62.17,64.3 1 0
github.com/KarpelesLab/smartremote/download.go:67.2,67.6 1 1
github.com/KarpelesLab/smartremote/download.go:67.6,68.48 1 1
github.com/KarpelesLab/smartremote/download.go:68.48,70.4 1 1
github.com/KarpelesLab/smartremote/download.go:70.9,71.9 1 1
github.com/KarpelesLab/smartremote/download.go:75.2,75.6 1 1
github.com/KarpelesLab/smartremote/download.go:75.6,76.46 1 1
github.com/KarpelesLab/smartremote/download.go:76.46,78.4 1 0
github.com/KarpelesLab/smartremote/download.go:78.9,79.9 1 1
github.com/KarpelesLab/smartremote/download.go:83.2,83.46 1 1
github.com/KarpelesLab/smartremote/download.go:83.46,86.3 1 1
github.com/KarpelesLab/smartremote/download.go:88.2,92.19 3 1
github.com/KarpelesLab/smartremote/download.go:92.19,95.25 2 1
github.com/KarpelesLab/smartremote/download.go:95.25,98.4 1 0
github.com/KarpelesLab/smartremote/download.go:101.3,102.17 2 1
github.com/KarpelesLab/smartremote/download.go:102.17,104.42 2 0
github.com/KarpelesLab/smartremote/download.go:104.42,107.5 1 0
github.com/KarpelesLab/smartremote/download.go:108.4,108.21 1 0
github.com/KarpelesLab/smartremote/download.go:108.21,110.5 1 0
github.com/KarpelesLab/smartremote/download.go:111.4,111.14 1 0
github.com/KarpelesLab/smartremote/download.go:114.3,115.17 2 1
github.com/KarpelesLab/smartremote/download.go:115.17,119.4 2 0
github.com/KarpelesLab/smartremote/download.go:122.3,126.23 3 1
github.com/KarpelesLab/smartremote/download.go:129.2,131.12 2 1
github.com/KarpelesLab/smartremote/factory.go:20.36,22.2 1 1
github.com/KarpelesLab/smartremote/factory.go:27.59,36.8 5 1
github.com/KarpelesLab/smartremote/factory.go:36.8,38.3 1 0
github.com/KarpelesLab/smartremote/factory.go:41.2,44.33 3 1
github.com/KarpelesLab/smartremote/factory.go:50.72,59.38 4 1
github.com/KarpelesLab/smartremote/factory.go:59.38,61.3 1 0
github.com/KarpelesLab/smartremote/factory.go:63.2,73.16 3 1
github.com/KarpelesLab/smartremote/factory.go:73.16,74.23 1 1
github.com/KarpelesLab/smartremote/factory.go:74.23,76.4 1 0
github.com/KarpelesLab/smartremote/factory.go:78.3,78.56 1 1
github.com/KarpelesLab/smartremote/factory.go:78.56,81.18 2 1
github.com/KarpelesLab/smartremote/factory.go:81.18,84.5 1 0
github.com/KarpelesLab/smartremote/factory.go:85.4,86.18 2 1
github.com/KarpelesLab/smartremote/factory.go:86.18,90.5 2 0
github.com/KarpelesLab/smartremote/factory.go:91.9,94.18 2 1
github.com/KarpelesLab/smartremote/factory.go:94.18,96.5 1 0
github.com/KarpelesLab/smartremote/factory.go:98.4,99.18 2 1
github.com/KarpelesLab/smartremote/factory.go:99.18,102.5 2 1
github.com/KarpelesLab/smartremote/factory.go:104.4,104.21 1 1
github.com/KarpelesLab/smartremote/factory.go:106.8,109.17 2 1
github.com/KarpelesLab/smartremote/factory.go:109.17,111.4 1 1
github.com/KarpelesLab/smartremote/factory.go:113.2,117.15 3 1
github.com/KarpelesLab/smartremote/idle.go:10.49,12.31 2 1
github.com/KarpelesLab/smartremote/idle.go:12.31,15.3 1 0
github.com/KarpelesLab/smartremote/idle.go:17.2,17.38 1 1
github.com/KarpelesLab/smartremote/idle.go:17.38,19.3 1 0
github.com/KarpelesLab/smartremote/idle.go:21.2,21.23 1 1
github.com/KarpelesLab/smartremote/idle.go:25.38,28.27 2 1
github.com/KarpelesLab/smartremote/idle.go:28.27,30.3 1 0
github.com/KarpelesLab/smartremote/idle.go:32.2,32.17 1 1
github.com/KarpelesLab/smartremote/idle.go:37.34,38.16 1 1
github.com/KarpelesLab/smartremote/idle.go:38.16,40.3 1 1
github.com/KarpelesLab/smartremote/idle.go:41.2,41.24 1 1
github.com/KarpelesLab/smartremote/idle.go:41.24,43.3 1 0
github.com/KarpelesLab/smartremote/idle.go:45.2,45.59 1 1
github.com/KarpelesLab/smartremote/idle.go:45.59,47.3 1 0
github.com/KarpelesLab/smartremote/idle.go:49.2,54.13 4 1
github.com/KarpelesLab/smartremote/idle.go:59.37,60.20 1 1
github.com/KarpelesLab/smartremote/idle.go:60.20,62.3 1 1
github.com/KarpelesLab/smartremote/idle.go:64.2,65.16 2 0
github.com/KarpelesLab/smartremote/idle.go:65.16,68.3 2 0
github.com/KarpelesLab/smartremote/idle.go:71.2,75.39 2 0
github.com/KarpelesLab/smartremote/idle.go:75.39,76.36 1 0
github.com/KarpelesLab/smartremote/idle.go:76.36,78.4 1 0
github.com/KarpelesLab/smartremote/idle.go:83.2,83.11 1 0
github.com/KarpelesLab/smartremote/idle.go:89.57,90.16 1 1
github.com/KarpelesLab/smartremote/idle.go:90.16,92.3 1 0
github.com/KarpelesLab/smartremote/idle.go:94.2,95.27 2 1
github.com/KarpelesLab/smartremote/idle.go:95.27,97.3 1 0
github.com/KarpelesLab/smartremote/idle.go:99.2,100.27 2 1
github.com/KarpelesLab/smartremote/idle.go:100.27,102.3 1 0
github.com/KarpelesLab/smartremote/idle.go:104.2,104.23 1 1
github.com/KarpelesLab/smartremote/idle.go:104.23,106.3 1 1
github.com/KarpelesLab/smartremote/idle.go:108.2,108.25 1 1
github.com/KarpelesLab/smartremote/idle.go:108.25,111.25 2 1
github.com/KarpelesLab/smartremote/idle.go:111.25,113.4 1 1
github.com/KarpelesLab/smartremote/idle.go:114.3,114.37 1 1
github.com/KarpelesLab/smartremote/idle.go:114.37,116.4 1 0
github.com/KarpelesLab/smartremote/idle.go:117.8,118.33 1 1
github.com/KarpelesLab/smartremote/idle.go:118.33,120.4 1 0
github.com/KarpelesLab/smartremote/idle.go:123.2,124.16 2 1
github.com/KarpelesLab/smartremote/idle.go:124.16,126.3 1 1
github.com/KarpelesLab/smartremote/idle.go:129.2,133.12 3 1
github.com/KarpelesLab/smartremote/idle.go:137.37,139.2 1 0
github.com/KarpelesLab/smartremote/manager.go:59.44,75.2 4 1
github.com/KarpelesLab/smartremote/manager.go:80.54,82.2 1 1
github.com/KarpelesLab/smartremote/manager.go:85.65,87.2 1 1
github.com/KarpelesLab/smartremote/manager.go:91.98,97.2 4 1
github.com/KarpelesLab/smartremote/manager.go:101.73,104.6 2 1
github.com/KarpelesLab/smartremote/manager.go:104.6,105.34 1 1
github.com/KarpelesLab/smartremote/manager.go:105.34,110.4 4 1
github.com/KarpelesLab/smartremote/manager.go:112.3,112.66 1 1
github.com/KarpelesLab/smartremote/manager.go:112.66,115.4 1 0
github.com/KarpelesLab/smartremote/manager.go:116.3,116.66 1 1
github.com/KarpelesLab/smartremote/manager.go:116.66,119.12 2 0
github.com/KarpelesLab/smartremote/manager.go:123.3,133.12 5 1
github.com/KarpelesLab/smartremote/manager.go:139.43,141.6 2 1
github.com/KarpelesLab/smartremote/manager.go:141.6,142.10 1 1
github.com/KarpelesLab/smartremote/manager.go:143.14,143.14 0 1
github.com/KarpelesLab/smartremote/manager.go:144.35,145.11 1 1
github.com/KarpelesLab/smartremote/manager.go:145.11,148.5 1 0
github.com/KarpelesLab/smartremote/manager.go:150.3,150.24 1 1
github.com/KarpelesLab/smartremote/manager.go:156.52,160.27 3 1
github.com/KarpelesLab/smartremote/manager.go:160.27,162.3 1 1
github.com/KarpelesLab/smartremote/manager.go:164.2,167.33 3 1
github.com/KarpelesLab/smartremote/manager.go:167.33,168.43 1 1
github.com/KarpelesLab/smartremote/manager.go:168.43,169.12 1 0
github.com/KarpelesLab/smartremote/manager.go:172.3,172.57 1 1
github.com/KarpelesLab/smartremote/manager.go:172.57,176.4 3 1
github.com/KarpelesLab/smartremote/manager.go:178.3,178.24 1 1
github.com/KarpelesLab/smartremote/manager.go:178.24,179.12 1 1
github.com/KarpelesLab/smartremote/manager.go:182.3,182.44 1 1
github.com/KarpelesLab/smartremote/manager.go:182.44,186.4 3 1
github.com/KarpelesLab/smartremote/manager.go:189.2,189.12 1 1
github.com/KarpelesLab/smartremote/manager.go:189.12,191.3 1 1
github.com/KarpelesLab/smartremote/manager.go:192.2,192.14 1 1
github.com/KarpelesLab/smartremote/manager.go:197.43,200.32 1 0
github.com/KarpelesLab/smartremote/manager.go:200.32,201.43 1 0
github.com/KarpelesLab/smartremote/manager.go:201.43,205.9 3 0
github.com/KarpelesLab/smartremote/manager.go:211.69,212.22 1 1
github.com/KarpelesLab/smartremote/manager.go:212.22,214.3 1 1
github.com/KarpelesLab/smartremote/part.go:12.33,17.2 3 1
github.com/KarpelesLab/smartremote/part.go:21.33,23.16 1 1
github.com/KarpelesLab/smartremote/part.go:23.16,28.3 3 1
github.com/KarpelesLab/smartremote/part.go:30.2,31.16 2 1
github.com/KarpelesLab/smartremote/part.go:31.16,33.3 1 0
github.com/KarpelesLab/smartremote/part.go:36.2,39.16 4 1
github.com/KarpelesLab/smartremote/part.go:39.16,43.3 3 0
github.com/KarpelesLab/smartremote/part.go:46.2,49.16 3 1
github.com/KarpelesLab/smartremote/part.go:49.16,52.3 2 0
github.com/KarpelesLab/smartremote/part.go:54.2,54.51 1 1
github.com/KarpelesLab/smartremote/part.go:58.33,60.16 2 1
github.com/KarpelesLab/smartremote/part.go:60.16,62.3 1 0
github.com/KarpelesLab/smartremote/part.go:63.2,68.16 3 1
github.com/KarpelesLab/smartremote/part.go:68.16,71.3 2 0
github.com/KarpelesLab/smartremote/part.go:74.2,77.16 3 1
github.com/KarpelesLab/smartremote/part.go:77.16,80.3 2 0
github.com/KarpelesLab/smartremote/part.go:82.2,83.12 2 1
github.com/KarpelesLab/smartremote/read.go:14.32,17.15 1 1
github.com/KarpelesLab/smartremote/read.go:17.15,19.3 1 1
github.com/KarpelesLab/smartremote/read.go:22.2,22.16 1 1
github.com/KarpelesLab/smartremote/read.go:22.16,24.17 2 0
github.com/KarpelesLab/smartremote/read.go:24.17,26.4 1 0
github.com/KarpelesLab/smartremote/read.go:27.3,29.13 3 0
github.com/KarpelesLab/smartremote/read.go:33.2,34.16 2 1
github.com/KarpelesLab/smartremote/read.go:34.16,36.3 1 0
github.com/KarpelesLab/smartremote/read.go:37.2,39.37 2 1
github.com/KarpelesLab/smartremote/read.go:39.37,43.3 1 1
github.com/KarpelesLab/smartremote/read.go:45.2,45.29 1 1
github.com/KarpelesLab/smartremote/read.go:45.29,48.3 1 0
github.com/KarpelesLab/smartremote/read.go:52.2,56.12 4 1
github.com/KarpelesLab/smartremote/read.go:62.36,63.16 1 1
github.com/KarpelesLab/smartremote/read.go:63.16,66.3 1 0
github.com/KarpelesLab/smartremote/read.go:69.2,71.26 3 1
github.com/KarpelesLab/smartremote/read.go:75.41,79.16 3 1
github.com/KarpelesLab/smartremote/read.go:79.16,81.17 2 1
github.com/KarpelesLab/smartremote/read.go:81.17,83.4 1 0
github.com/KarpelesLab/smartremote/read.go:86.2,86.20 1 1
github.com/KarpelesLab/smartremote/read.go:91.44,93.16 2 1
github.com/KarpelesLab/smartremote/read.go:93.16,95.3 1 0
github.com/KarpelesLab/smartremote/read.go:97.2,97.23 1 1
github.com/KarpelesLab/smartremote/read.go:103.62,107.16 3 1
github.com/KarpelesLab/smartremote/read.go:108.20,109.17 1 1
github.com/KarpelesLab/smartremote/read.go:109.17,111.4 1 1
github.com/KarpelesLab/smartremote/read.go:112.3,113.20 2 1
github.com/KarpelesLab/smartremote/read.go:114.22,115.23 1 1
github.com/KarpelesLab/smartremote/read.go:115.23,117.4 1 0
github.com/KarpelesLab/smartremote/read.go:118.3,119.20 2 1
github.com/KarpelesLab/smartremote/read.go:120.18,122.17 2 1
github.com/KarpelesLab/smartremote/read.go:122.17,124.4 1 0
github.com/KarpelesLab/smartremote/read.go:126.3,126.24 1 1
github.com/KarpelesLab/smartremote/read.go:126.24,128.4 1 0
github.com/KarpelesLab/smartremote/read.go:129.3,130.20 2 1
github.com/KarpelesLab/smartremote/read.go:131.10,132.50 1 1
github.com/KarpelesLab/smartremote/read.go:138.50,144.16 4 1
github.com/KarpelesLab/smartremote/read.go:144.16,146.3 1 1
github.com/KarpelesLab/smartremote/read.go:147.2,147.8 1 1
github.com/KarpelesLab/smartremote/read.go:152.57,157.2 3 1
github.com/KarpelesLab/smartremote/read.go:161.57,162.16 1 1
github.com/KarpelesLab/smartremote/read.go:162.16,165.3 1 1
github.com/KarpelesLab/smartremote/read.go:167.2,168.16 2 1
github.com/KarpelesLab/smartremote/read.go:168.16,170.3 1 0
github.com/KarpelesLab/smartremote/read.go:173.2,173.19 1 1
github.com/KarpelesLab/smartremote/read.go:173.19,175.3 1 1
github.com/KarpelesLab/smartremote/read.go:176.2,176.32 1 1
github.com/KarpelesLab/smartremote/read.go:176.32,179.3 1 0
github.com/KarpelesLab/smartremote/read.go:183.2,188.16 4 1
github.com/KarpelesLab/smartremote/read.go:188.16,190.3 1 0
github.com/KarpelesLab/smartremote/read.go:193.2,193.31 1 1
github.com/KarpelesLab/smartremote/read.go:198.33,203.16 3 1
github.com/KarpelesLab/smartremote/read.go:203.16,206.3 1 1
github.com/KarpelesLab/smartremote/read.go:209.2,210.16 2 1
github.com/KarpelesLab/smartremote/read.go:210.16,212.3 1 0
github.com/KarpelesLab/smartremote/read.go:214.2,217.40 2 1
github.com/KarpelesLab/smartremote/read.go:217.40,218.36 1 1
github.com/KarpelesLab/smartremote/read.go:218.36,220.18 2 1
github.com/KarpelesLab/smartremote/read.go:220.18,222.5 1 0
github.com/KarpelesLab/smartremote/read.go:225.2,227.12 2 1
